<?xml version="1.0" encoding="UTF-8"?>
<testsuites>
  <testsuite name="CodeIgniter Application Test Suite" tests="3" assertions="3" errors="0" failures="0" skipped="0" time="0.032052">
    <testsuite name="Welcome_test" file="/var/www/html/codeigniter/application/tests/controllers/Welcome_test.php" tests="3" assertions="3" errors="0" failures="0" skipped="0" time="0.032052">
      <testcase name="test_index" class="Welcome_test" classname="Welcome_test" file="/var/www/html/codeigniter/application/tests/controllers/Welcome_test.php" line="12" assertions="1" time="0.018422"/>
      <testcase name="test_method_404" class="Welcome_test" classname="Welcome_test" file="/var/www/html/codeigniter/application/tests/controllers/Welcome_test.php" line="18" assertions="1" time="0.009705"/>
      <testcase name="test_APPPATH" class="Welcome_test" classname="Welcome_test" file="/var/www/html/codeigniter/application/tests/controllers/Welcome_test.php" line="24" assertions="1" time="0.003925"/>
    </testsuite>
  </testsuite>
</testsuites>
