<?xml version="1.0" encoding="UTF-8"?>
<testsuites>
  <testsuite name="FundooApiTest" file="/var/www/html/codeigniter/application/tests/controllers/FundooApiTest.php" tests="1" assertions="1" errors="0" failures="0" skipped="0" time="0.063578">
    <testcase name="testtrashnote" class="FundooApiTest" classname="FundooApiTest" file="/var/www/html/codeigniter/application/tests/controllers/FundooApiTest.php" line="149" assertions="1" time="0.063578"/>
  </testsuite>
</testsuites>
