<?xml version="1.0" encoding="UTF-8"?>
<testsuites>
  <testsuite name="FundooApiTest" file="/var/www/html/codeigniter/application/tests/controllers/FundooApiTest.php" tests="2" assertions="2" errors="0" failures="0" skipped="0" time="0.189398">
    <testcase name="testRegister" class="FundooApiTest" classname="FundooApiTest" file="/var/www/html/codeigniter/application/tests/controllers/FundooApiTest.php" line="17" assertions="1" time="0.121323"/>
    <testcase name="testlogin" class="FundooApiTest" classname="FundooApiTest" file="/var/www/html/codeigniter/application/tests/controllers/FundooApiTest.php" line="38" assertions="1" time="0.068075"/>
  </testsuite>
</testsuites>
